<?xml version="1.0" encoding="UTF-8"?>
<!-- Generated by org.testng.reporters.JUnitReportReporter -->
<testsuite hostname="LAPTOP-6AD6A1J0" failures="0" tests="4" name="IMDB.imdb.QuestionsAnswers" time="20.798" errors="0" timestamp="2020-04-24T17:32:57 SGT" skipped="0">
  <testcase classname="IMDB.imdb.QuestionsAnswers" name="DrivetoTopRatedShows" time="5.313"/>
  <system-out/>
  <testcase classname="IMDB.imdb.QuestionsAnswers" name="GameofThronessearch" time="6.291"/>
  <system-out/>
  <testcase classname="IMDB.imdb.QuestionsAnswers" name="assertions" time="1.977"/>
  <system-out/>
  <testcase classname="IMDB.imdb.QuestionsAnswers" name="Create_login_account" time="7.217"/>
  <system-out/>
</testsuite> <!-- IMDB.imdb.QuestionsAnswers -->
